<?xml version="1.0" encoding="UTF-8"?>
<coverage generated="1784006366276" clover="3.2.0">
  <project timestamp="1784006366277" name="All files">
    <metrics statements="12" coveredstatements="11" conditionals="14" coveredconditionals="12" methods="6" coveredmethods="6" elements="32" coveredelements="29" complexity="0" loc="12" ncloc="12" packages="1" files="1" classes="1"/>
    <file name="mercadolibre-helpers.js" path="C:\Users\velar\Documents\TRABAJO-FINAL-LAB\src\utils\mercadolibre-helpers.js">
      <metrics statements="12" coveredstatements="11" conditionals="14" coveredconditionals="12" methods="6" coveredmethods="6"/>
      <line num="5" count="3" type="cond" truecount="2" falsecount="0"/>
      <line num="6" count="2" type="stmt"/>
      <line num="7" count="2" type="stmt"/>
      <line num="12" count="2" type="cond" truecount="4" falsecount="0"/>
      <line num="13" count="2" type="stmt"/>
      <line num="18" count="2" type="cond" truecount="2" falsecount="0"/>
      <line num="19" count="1" type="stmt"/>
      <line num="20" count="1" type="stmt"/>
      <line num="25" count="2" type="cond" truecount="2" falsecount="0"/>
      <line num="30" count="1" type="cond" truecount="2" falsecount="2"/>
      <line num="31" count="0" type="stmt"/>
      <line num="34" count="1" type="stmt"/>
    </file>
  </project>
</coverage>
