{"C:\\Users\\velar\\Documents\\TRABAJO-FINAL-LAB\\src\\utils\\mercadolibre-helpers.js": {"path":"C:\\Users\\velar\\Documents\\TRABAJO-FINAL-LAB\\src\\utils\\mercadolibre-helpers.js","statementMap":{"0":{"start":{"line":5,"column":2},"end":{"line":5,"column":63}},"1":{"start":{"line":5,"column":21},"end":{"line":5,"column":63}},"2":{"start":{"line":6,"column":29},"end":{"line":6,"column":83}},"3":{"start":{"line":7,"column":2},"end":{"line":7,"column":69}},"4":{"start":{"line":12,"column":2},"end":{"line":12,"column":53}},"5":{"start":{"line":12,"column":44},"end":{"line":12,"column":53}},"6":{"start":{"line":13,"column":2},"end":{"line":13,"column":85}},"7":{"start":{"line":13,"column":43},"end":{"line":13,"column":80}},"8":{"start":{"line":18,"column":2},"end":{"line":18,"column":50}},"9":{"start":{"line":18,"column":32},"end":{"line":18,"column":50}},"10":{"start":{"line":19,"column":20},"end":{"line":19,"column":60}},"11":{"start":{"line":20,"column":2},"end":{"line":20,"column":32}},"12":{"start":{"line":25,"column":2},"end":{"line":25,"column":67}},"13":{"start":{"line":30,"column":2},"end":{"line":30,"column":54}},"14":{"start":{"line":30,"column":45},"end":{"line":30,"column":54}},"15":{"start":{"line":31,"column":2},"end":{"line":31,"column":12}},"16":{"start":{"line":34,"column":0},"end":{"line":40,"column":2}}},"fnMap":{"0":{"name":"formatearUrlBusqueda","decl":{"start":{"line":4,"column":9},"end":{"line":4,"column":29}},"loc":{"start":{"line":4,"column":44},"end":{"line":8,"column":1}},"line":4},"1":{"name":"calcularTotalCarrito","decl":{"start":{"line":11,"column":9},"end":{"line":11,"column":29}},"loc":{"start":{"line":11,"column":41},"end":{"line":14,"column":1}},"line":11},"2":{"name":"(anonymous_2)","decl":{"start":{"line":13,"column":26},"end":{"line":13,"column":27}},"loc":{"start":{"line":13,"column":43},"end":{"line":13,"column":80}},"line":13},"3":{"name":"aplicarDescuento","decl":{"start":{"line":17,"column":9},"end":{"line":17,"column":25}},"loc":{"start":{"line":17,"column":59},"end":{"line":21,"column":1}},"line":17},"4":{"name":"verificarDisponibilidad","decl":{"start":{"line":24,"column":9},"end":{"line":24,"column":32}},"loc":{"start":{"line":24,"column":67},"end":{"line":26,"column":1}},"line":24},"5":{"name":"calcularCostoEnvio","decl":{"start":{"line":29,"column":9},"end":{"line":29,"column":27}},"loc":{"start":{"line":29,"column":59},"end":{"line":32,"column":1}},"line":29}},"branchMap":{"0":{"loc":{"start":{"line":5,"column":2},"end":{"line":5,"column":63}},"type":"if","locations":[{"start":{"line":5,"column":2},"end":{"line":5,"column":63}},{"start":{},"end":{}}],"line":5},"1":{"loc":{"start":{"line":12,"column":2},"end":{"line":12,"column":53}},"type":"if","locations":[{"start":{"line":12,"column":2},"end":{"line":12,"column":53}},{"start":{},"end":{}}],"line":12},"2":{"loc":{"start":{"line":12,"column":6},"end":{"line":12,"column":42}},"type":"binary-expr","locations":[{"start":{"line":12,"column":6},"end":{"line":12,"column":16}},{"start":{"line":12,"column":20},"end":{"line":12,"column":42}}],"line":12},"3":{"loc":{"start":{"line":18,"column":2},"end":{"line":18,"column":50}},"type":"if","locations":[{"start":{"line":18,"column":2},"end":{"line":18,"column":50}},{"start":{},"end":{}}],"line":18},"4":{"loc":{"start":{"line":25,"column":9},"end":{"line":25,"column":66}},"type":"binary-expr","locations":[{"start":{"line":25,"column":9},"end":{"line":25,"column":43}},{"start":{"line":25,"column":47},"end":{"line":25,"column":66}}],"line":25},"5":{"loc":{"start":{"line":30,"column":2},"end":{"line":30,"column":54}},"type":"if","locations":[{"start":{"line":30,"column":2},"end":{"line":30,"column":54}},{"start":{},"end":{}}],"line":30},"6":{"loc":{"start":{"line":30,"column":6},"end":{"line":30,"column":43}},"type":"binary-expr","locations":[{"start":{"line":30,"column":6},"end":{"line":30,"column":22}},{"start":{"line":30,"column":26},"end":{"line":30,"column":43}}],"line":30}},"s":{"0":3,"1":1,"2":2,"3":2,"4":2,"5":1,"6":1,"7":2,"8":2,"9":1,"10":1,"11":1,"12":2,"13":1,"14":1,"15":0,"16":1},"f":{"0":3,"1":2,"2":2,"3":2,"4":2,"5":1},"b":{"0":[1,2],"1":[1,1],"2":[2,2],"3":[1,1],"4":[2,1],"5":[1,0],"6":[1,0]},"_coverageSchema":"1a1c01bbd47fc00a2c39e90264f33305004495a9","hash":"5af8f9615fd99bc5101ad136948a27c5a7a0b96e"}
}
