TN:
SF:src\utils\mercadolibre-helpers.js
FN:4,formatearUrlBusqueda
FN:11,calcularTotalCarrito
FN:13,(anonymous_2)
FN:17,aplicarDescuento
FN:24,verificarDisponibilidad
FN:29,calcularCostoEnvio
FNF:6
FNH:6
FNDA:3,formatearUrlBusqueda
FNDA:2,calcularTotalCarrito
FNDA:2,(anonymous_2)
FNDA:2,aplicarDescuento
FNDA:2,verificarDisponibilidad
FNDA:1,calcularCostoEnvio
DA:5,3
DA:6,2
DA:7,2
DA:12,2
DA:13,2
DA:18,2
DA:19,1
DA:20,1
DA:25,2
DA:30,1
DA:31,0
DA:34,1
LF:12
LH:11
BRDA:5,0,0,1
BRDA:5,0,1,2
BRDA:12,1,0,1
BRDA:12,1,1,1
BRDA:12,2,0,2
BRDA:12,2,1,2
BRDA:18,3,0,1
BRDA:18,3,1,1
BRDA:25,4,0,2
BRDA:25,4,1,1
BRDA:30,5,0,1
BRDA:30,5,1,0
BRDA:30,6,0,1
BRDA:30,6,1,0
BRF:14
BRH:12
end_of_record
